<?xml version="1.0" encoding="UTF-8"?>
<testsuite xmlns:xsi="http://www.w3.org/2001/XMLSchema-instance" xsi:noNamespaceSchemaLocation="https://maven.apache.org/surefire/maven-failsafe-plugin/xsd/failsafe-test-report-3.0.xsd" version="3.0" name="starter.CucumberTestSuite" time="15.091" tests="4" errors="0" skipped="0" failures="0">
  <properties>
[...]
</properties>
  <testcase name="GET - As admin I have be able to get detail user" classname="User" time="5.501">
    <system-out><![CDATA[20:29:35.399 [main] DEBUG net.thucydides.core.guice.Injectors -- Created injector for module net.thucydides.core.guice.ThucydidesModule
20:29:35.673 [main] INFO io.cucumber.core.plugin.SerenityReporter -- Running feature from file:///C:/Users/Dimas%20Rizqi%20Suryana/REST_Asured/src/test/resources/features/User.feature
20:29:35.790 [main] DEBUG net.thucydides.core.guice.Injectors -- Created injector for module net.thucydides.core.guice.webdriver.WebDriverModule
20:29:35.802 [main] INFO  -- 

-------------------------------------------------------------------------------------
     _______. _______ .______       _______ .__   __.  __  .___________.____    ____ 
    /       ||   ____||   _  \     |   ____||  \ |  | |  | |           |\   \  /   / 
   |   (----`|  |__   |  |_)  |    |  |__   |   \|  | |  | `---|  |----` \   \/   /  
    \   \    |   __|  |      /     |   __|  |  . `  | |  |     |  |       \_    _/   
.----)   |   |  |____ |  |\  \----.|  |____ |  |\   | |  |     |  |         |  |     
|_______/    |_______|| _| `._____||_______||__| \__| |__|     |__|         |__|    
                                                                                     
 News and tutorials at http://www.serenity-bdd.info                                  
 Documentation at https://wakaleo.gitbooks.io/the-serenity-book/content/             
 Join the Serenity Community on Gitter: https://gitter.im/serenity-bdd/serenity-core 
 Serenity BDD Support and Training at http://serenity-bdd.info/#/trainingandsupport  
-------------------------------------------------------------------------------------

20:29:35.804 [main] DEBUG net.thucydides.core.steps.StepEventBus -- Test suite started for story net.thucydides.core.model.Story@4eea5d88
20:29:35.806 [main] INFO  -- Test Suite Started: User
20:29:35.838 [main] INFO io.cucumber.core.plugin.SerenityReporter -- Running feature from file:///C:/Users/Dimas%20Rizqi%20Suryana/REST_Asured/src/test/resources/features/User.feature
20:29:35.840 [main] DEBUG net.thucydides.core.steps.StepEventBus -- Test suite started for story net.thucydides.core.model.Story@4eea5d88
20:29:35.841 [main] INFO  -- Test Suite Started: User

Scenario: GET - As admin I have be able to get detail user &amp#27;[90m# src/test/resources/features/User.feature:6&amp#27;[0m
20:29:35.954 [main] INFO io.cucumber.core.plugin.SerenityReporter -- Running feature from file:///C:/Users/Dimas%20Rizqi%20Suryana/REST_Asured/src/test/resources/features/User.feature
20:29:36.134 [main] INFO  -- 
  _____   ___   ___   _____     ___   _____     _     ___   _____   ___   ___  
 |_   _| | __| / __| |_   _|   / __| |_   _|   /_\   | _ \ |_   _| | __| |   \ 
   | |   | _|  \__ \   | |     \__ \   | |    / _ \  |   /   | |   | _|  | |) |
   |_|   |___| |___/   |_|     |___/   |_|   /_/ \_\ |_|_\   |_|   |___| |___/ 

GET - As admin I have be able to get detail user(user;get---as-admin-i-have-be-able-to-get-detail-user)
--------------------------------------------------------------------------------
20:29:36.668 [main] DEBUG net.thucydides.core.steps.StepInterceptor -- STARTING STEP: UserSteps.setGetApiEndpoints - I set GET endpoints
20:29:36.670 [main] DEBUG net.thucydides.core.steps.StepInterceptor -- STEP DONE: I set GET endpoints
  &amp#27;[32mGiven &amp#27;[0m&amp#27;[32mI set GET api endpoints&amp#27;[0m                            &amp#27;[90m# starter.stepfeiniton.UserSteps.setGetApiEndpoints()&amp#27;[0m
20:29:36.685 [main] DEBUG net.thucydides.core.steps.StepInterceptor -- STARTING STEP: UserSteps.sendGetHttpRequest - I send GET HTTP request
20:29:38.053 [main] DEBUG net.thucydides.core.steps.StepInterceptor -- STARTING STEP: Get.getHTTPrequest - I set GET endpoints
20:29:38.053 [main] DEBUG net.thucydides.core.steps.StepInterceptor -- STEP DONE: I set GET endpoints
20:29:38.738 [main] DEBUG org.apache.http.impl.conn.BasicClientConnectionManager -- Get connection for route {s}->https://jsonplaceholder.typicode.com:443
20:29:38.802 [main] DEBUG org.apache.http.impl.conn.DefaultClientConnectionOperator -- Connecting to jsonplaceholder.typicode.com:443
20:29:40.779 [main] DEBUG org.apache.http.client.protocol.RequestAddCookies -- CookieSpec selected: ignoreCookies
20:29:40.780 [main] DEBUG org.apache.http.client.protocol.RequestAuthCache -- Auth cache not set in the context
20:29:40.780 [main] DEBUG org.apache.http.client.protocol.RequestTargetAuthentication -- Target auth state: UNCHALLENGED
20:29:40.780 [main] DEBUG org.apache.http.client.protocol.RequestProxyAuthentication -- Proxy auth state: UNCHALLENGED
20:29:40.780 [main] DEBUG org.apache.http.impl.client.DefaultHttpClient -- Attempt 1 to execute request
20:29:40.781 [main] DEBUG org.apache.http.impl.conn.DefaultClientConnection -- Sending request: GET /posts/1 HTTP/1.1
20:29:40.781 [main] DEBUG org.apache.http.wire --  >> "GET /posts/1 HTTP/1.1[\r][\n]"
20:29:40.782 [main] DEBUG org.apache.http.wire --  >> "Accept: */*[\r][\n]"
20:29:40.782 [main] DEBUG org.apache.http.wire --  >> "Host: jsonplaceholder.typicode.com[\r][\n]"
20:29:40.782 [main] DEBUG org.apache.http.wire --  >> "Connection: Keep-Alive[\r][\n]"
20:29:40.782 [main] DEBUG org.apache.http.wire --  >> "User-Agent: Apache-HttpClient/4.5.13 (Java/18.0.2.1)[\r][\n]"
20:29:40.782 [main] DEBUG org.apache.http.wire --  >> "Accept-Encoding: gzip,deflate[\r][\n]"
20:29:40.782 [main] DEBUG org.apache.http.wire --  >> "[\r][\n]"
20:29:40.782 [main] DEBUG org.apache.http.headers -- >> GET /posts/1 HTTP/1.1
20:29:40.782 [main] DEBUG org.apache.http.headers -- >> Accept: */*
20:29:40.782 [main] DEBUG org.apache.http.headers -- >> Host: jsonplaceholder.typicode.com
20:29:40.782 [main] DEBUG org.apache.http.headers -- >> Connection: Keep-Alive
20:29:40.782 [main] DEBUG org.apache.http.headers -- >> User-Agent: Apache-HttpClient/4.5.13 (Java/18.0.2.1)
20:29:40.782 [main] DEBUG org.apache.http.headers -- >> Accept-Encoding: gzip,deflate
20:29:40.808 [main] DEBUG org.apache.http.wire --  << "HTTP/1.1 200 OK[\r][\n]"
20:29:40.809 [main] DEBUG org.apache.http.wire --  << "Date: Fri, 09 Jun 2023 13:29:41 GMT[\r][\n]"
20:29:40.809 [main] DEBUG org.apache.http.wire --  << "Content-Type: application/json; charset=utf-8[\r][\n]"
20:29:40.809 [main] DEBUG org.apache.http.wire --  << "Transfer-Encoding: chunked[\r][\n]"
20:29:40.809 [main] DEBUG org.apache.http.wire --  << "Connection: keep-alive[\r][\n]"
20:29:40.809 [main] DEBUG org.apache.http.wire --  << "X-Powered-By: Express[\r][\n]"
20:29:40.809 [main] DEBUG org.apache.http.wire --  << "X-Ratelimit-Limit: 1000[\r][\n]"
20:29:40.809 [main] DEBUG org.apache.http.wire --  << "X-Ratelimit-Remaining: 999[\r][\n]"
20:29:40.809 [main] DEBUG org.apache.http.wire --  << "X-Ratelimit-Reset: 1684276394[\r][\n]"
20:29:40.809 [main] DEBUG org.apache.http.wire --  << "Vary: Origin, Accept-Encoding[\r][\n]"
20:29:40.809 [main] DEBUG org.apache.http.wire --  << "Access-Control-Allow-Credentials: true[\r][\n]"
20:29:40.809 [main] DEBUG org.apache.http.wire --  << "Cache-Control: max-age=43200[\r][\n]"
20:29:40.809 [main] DEBUG org.apache.http.wire --  << "Pragma: no-cache[\r][\n]"
20:29:40.809 [main] DEBUG org.apache.http.wire --  << "Expires: -1[\r][\n]"
20:29:40.809 [main] DEBUG org.apache.http.wire --  << "X-Content-Type-Options: nosniff[\r][\n]"
20:29:40.809 [main] DEBUG org.apache.http.wire --  << "Etag: W/"124-yiKdLzqO5gfBrJFrcdJ8Yq0LGnU"[\r][\n]"
20:29:40.809 [main] DEBUG org.apache.http.wire --  << "Via: 1.1 vegur[\r][\n]"
20:29:40.809 [main] DEBUG org.apache.http.wire --  << "CF-Cache-Status: HIT[\r][\n]"
20:29:40.810 [main] DEBUG org.apache.http.wire --  << "Age: 9228[\r][\n]"
20:29:40.810 [main] DEBUG org.apache.http.wire --  << "Report-To: {"endpoints":[{"url":"https:\/\/a.nel.cloudflare.com\/report\/v3?s=KHK78V2NYKISs%2BCMtZGA%2B29jmSDLjPeBheGkTQjGYk2VXJOoEysHrs5GYGvx5ExM7%2FcqTPgfODlucMV9nkZ8KQqaTjhYFOEtYvTU3xP2QE3TYt5oXLoLSEmKamyMdZPXwkOkvnl40rkt0B%2BuHUQ%3D"}],"group":"cf-nel","max_age":604800}[\r][\n]"
20:29:40.810 [main] DEBUG org.apache.http.wire --  << "NEL: {"success_fraction":0,"report_to":"cf-nel","max_age":604800}[\r][\n]"
20:29:40.810 [main] DEBUG org.apache.http.wire --  << "Server: cloudflare[\r][\n]"
20:29:40.810 [main] DEBUG org.apache.http.wire --  << "CF-RAY: 7d49b991cdd63d8d-SIN[\r][\n]"
20:29:40.810 [main] DEBUG org.apache.http.wire --  << "Content-Encoding: gzip[\r][\n]"
20:29:40.810 [main] DEBUG org.apache.http.wire --  << "[\r][\n]"
20:29:40.810 [main] DEBUG org.apache.http.impl.conn.DefaultClientConnection -- Receiving response: HTTP/1.1 200 OK
20:29:40.810 [main] DEBUG org.apache.http.headers -- << HTTP/1.1 200 OK
20:29:40.810 [main] DEBUG org.apache.http.headers -- << Date: Fri, 09 Jun 2023 13:29:41 GMT
20:29:40.810 [main] DEBUG org.apache.http.headers -- << Content-Type: application/json; charset=utf-8
20:29:40.810 [main] DEBUG org.apache.http.headers -- << Transfer-Encoding: chunked
20:29:40.810 [main] DEBUG org.apache.http.headers -- << Connection: keep-alive
20:29:40.810 [main] DEBUG org.apache.http.headers -- << X-Powered-By: Express
20:29:40.811 [main] DEBUG org.apache.http.headers -- << X-Ratelimit-Limit: 1000
20:29:40.811 [main] DEBUG org.apache.http.headers -- << X-Ratelimit-Remaining: 999
20:29:40.811 [main] DEBUG org.apache.http.headers -- << X-Ratelimit-Reset: 1684276394
20:29:40.811 [main] DEBUG org.apache.http.headers -- << Vary: Origin, Accept-Encoding
20:29:40.811 [main] DEBUG org.apache.http.headers -- << Access-Control-Allow-Credentials: true
20:29:40.811 [main] DEBUG org.apache.http.headers -- << Cache-Control: max-age=43200
20:29:40.811 [main] DEBUG org.apache.http.headers -- << Pragma: no-cache
20:29:40.811 [main] DEBUG org.apache.http.headers -- << Expires: -1
20:29:40.811 [main] DEBUG org.apache.http.headers -- << X-Content-Type-Options: nosniff
20:29:40.811 [main] DEBUG org.apache.http.headers -- << Etag: W/"124-yiKdLzqO5gfBrJFrcdJ8Yq0LGnU"
20:29:40.811 [main] DEBUG org.apache.http.headers -- << Via: 1.1 vegur
20:29:40.811 [main] DEBUG org.apache.http.headers -- << CF-Cache-Status: HIT
20:29:40.811 [main] DEBUG org.apache.http.headers -- << Age: 9228
20:29:40.811 [main] DEBUG org.apache.http.headers -- << Report-To: {"endpoints":[{"url":"https:\/\/a.nel.cloudflare.com\/report\/v3?s=KHK78V2NYKISs%2BCMtZGA%2B29jmSDLjPeBheGkTQjGYk2VXJOoEysHrs5GYGvx5ExM7%2FcqTPgfODlucMV9nkZ8KQqaTjhYFOEtYvTU3xP2QE3TYt5oXLoLSEmKamyMdZPXwkOkvnl40rkt0B%2BuHUQ%3D"}],"group":"cf-nel","max_age":604800}
20:29:40.811 [main] DEBUG org.apache.http.headers -- << NEL: {"success_fraction":0,"report_to":"cf-nel","max_age":604800}
20:29:40.811 [main] DEBUG org.apache.http.headers -- << Server: cloudflare
20:29:40.811 [main] DEBUG org.apache.http.headers -- << CF-RAY: 7d49b991cdd63d8d-SIN
20:29:40.811 [main] DEBUG org.apache.http.headers -- << Content-Encoding: gzip
20:29:40.816 [main] DEBUG org.apache.http.impl.client.DefaultHttpClient -- Connection can be kept alive indefinitely
20:29:40.822 [main] DEBUG io.restassured.internal.RestAssuredHttpBuilder -- Parsing response as: application/json; charset=utf-8
20:29:40.823 [main] DEBUG org.apache.http.wire --  << "ca[\r][\n]"
20:29:40.823 [main] DEBUG org.apache.http.wire --  << "[0x1f][0x8b][0x8][0x0][0x0][0x0][0x0][0x0][0x0][0x3]U[0x8f]Kj[0x4]A[0xc]C[0xf7]s[\n]"
20:29:40.823 [main] DEBUG org.apache.http.wire --  << "Q[0xeb]l[0xb2][0x9d][0x1b][0xe4][0xe][0xbd]q\[\n]"
20:29:40.823 [main] DEBUG org.apache.http.wire --  << "c[0xe8][0xfa][0x8c][0xcb][0x1e]&[0x84][0xdc]=tC[0x8][0x1]#$[0x90][0x1f][0xe8][0xeb][0x2][0x94]\[0xf4][0xb7]Z[0xae]x}9[0xa2][0xfd][0xd9][0xb0][0xd8]Y[0xae](+{@2[0xf0]!J'[0x9c][0x93][0xfb].[0x81][0xe9][0xe3]a[0x95]=0T[0x85]*a[0xe0]S9#[0xdd]0f[0xd8]8[0xca][0xce][0x1b]{[0xa5][[0x94][0x13][0xfc]>[0xea][0xe7][0xc1][0xbd][0xa7][0x9][0x18]X[0xb9][0xd4][0xa6][0xc5][0xd6][0x1d][0x9c][0x9a]Kz[0x15]BG_[0xbc]g[0xf6]H[0x7][0x9f][0x93][0xd5][0xe2]|[0xd3]l[[0xff][0x87]G[0x1b];W[0x98][0x10][0x19][0xc7][0xdd]S[0x16]b[0x84][0xb4][0xad][0xf7][0xb1][0xc2][0xb3][0xc1]y([0xd7]9[0x89][\r][0xe7]:g[0x3][0x1f][0xec][0xc6][0x80][0xb8][0xde],[0xa8]1[0xca][0xe5][0xfb][0x7][0x15][0xc6][0x93][0xe8]$[0x1][0x0][0x0]"
20:29:40.823 [main] DEBUG org.apache.http.wire --  << "[\r][\n]"
20:29:40.823 [main] DEBUG org.apache.http.wire --  << "0[\r][\n]"
20:29:40.823 [main] DEBUG org.apache.http.wire --  << "[\r][\n]"
20:29:40.823 [main] DEBUG io.restassured.internal.RestAssuredHttpBuilder -- Parsed data to instance of: class org.apache.http.conn.EofSensorInputStream
20:29:40.860 [main] DEBUG org.apache.http.impl.conn.BasicClientConnectionManager -- Releasing connection org.apache.http.impl.conn.ManagedClientConnectionImpl@2de7c84a
20:29:40.860 [main] DEBUG org.apache.http.impl.conn.BasicClientConnectionManager -- Connection can be kept alive indefinitely
20:29:40.877 [main] DEBUG net.thucydides.core.steps.StepInterceptor -- STEP DONE: I send GET HTTP request
  &amp#27;[32mWhen &amp#27;[0m&amp#27;[32mI send GET HTTP request&amp#27;[0m                             &amp#27;[90m# starter.stepfeiniton.UserSteps.sendGetHttpRequest()&amp#27;[0m
20:29:40.881 [main] DEBUG net.thucydides.core.steps.StepInterceptor -- STARTING STEP: UserSteps.reciveValidHttpResponse - I receive valid HTTP response code 200
20:29:40.899 [main] DEBUG net.thucydides.core.steps.StepInterceptor -- STEP DONE: I receive valid HTTP response code 200
  &amp#27;[32mThen &amp#27;[0m&amp#27;[32mI recive valid HTTP response code 200&amp#27;[0m               &amp#27;[90m# starter.stepfeiniton.UserSteps.reciveValidHttpResponse()&amp#27;[0m
20:29:40.901 [main] DEBUG net.thucydides.core.steps.StepInterceptor -- STARTING STEP: UserSteps.reciveValidDataForDetailUser - I receive valid data for detail user
20:29:41.336 [main] DEBUG net.thucydides.core.steps.StepInterceptor -- STEP DONE: I receive valid data for detail user
  &amp#27;[32mAnd &amp#27;[0m&amp#27;[32mI recive valid data for detail user&amp#27;[0m                  &amp#27;[90m# starter.stepfeiniton.UserSteps.reciveValidDataForDetailUser()&amp#27;[0m
20:29:41.339 [main] INFO  -- 
  _____   ___   ___   _____     ___     _     ___   ___   ___   ___  
 |_   _| | __| / __| |_   _|   | _ \   /_\   / __| / __| | __| |   \ 
   | |   | _|  \__ \   | |     |  _/  / _ \  \__ \ \__ \ | _|  | |) |
   |_|   |___| |___/   |_|     |_|   /_/ \_\ |___/ |___/ |___| |___/ 

GET - As admin I have be able to get detail user
----------------------------------------------------------------------
]]></system-out>
  </testcase>
  <testcase name="POST As admin I have be able to create new user" classname="User" time="0.746">
    <system-out><![CDATA[
Scenario: POST As admin I have be able to create new user &amp#27;[90m# src/test/resources/features/User.feature:12&amp#27;[0m
20:29:41.349 [main] INFO io.cucumber.core.plugin.SerenityReporter -- Running feature from file:///C:/Users/Dimas%20Rizqi%20Suryana/REST_Asured/src/test/resources/features/User.feature
20:29:41.351 [main] INFO  -- 
  _____   ___   ___   _____     ___   _____     _     ___   _____   ___   ___  
 |_   _| | __| / __| |_   _|   / __| |_   _|   /_\   | _ \ |_   _| | __| |   \ 
   | |   | _|  \__ \   | |     \__ \   | |    / _ \  |   /   | |   | _|  | |) |
   |_|   |___| |___/   |_|     |___/   |_|   /_/ \_\ |_|_\   |_|   |___| |___/ 

POST As admin I have be able to create new user(user;post-as-admin-i-have-be-able-to-create-new-user)
--------------------------------------------------------------------------------
20:29:41.362 [main] DEBUG net.thucydides.core.steps.StepInterceptor -- STARTING STEP: UserSteps.setPostApiEndpoints - I set POST endpoints
20:29:41.362 [main] DEBUG net.thucydides.core.steps.StepInterceptor -- STEP DONE: I set POST endpoints
  &amp#27;[32mGiven &amp#27;[0m&amp#27;[32mI set POST api endpoints&amp#27;[0m                          &amp#27;[90m# starter.stepfeiniton.UserSteps.setPostApiEndpoints()&amp#27;[0m
20:29:41.367 [main] DEBUG net.thucydides.core.steps.StepInterceptor -- STARTING STEP: UserSteps.sendPostHttpRequest - I send POST HTTP request
20:29:41.373 [main] DEBUG net.thucydides.core.steps.StepInterceptor -- STARTING STEP: Post.sendPostHTTPRequest - I set POST endpoints
20:29:41.373 [main] DEBUG net.thucydides.core.steps.StepInterceptor -- STEP DONE: I set POST endpoints
20:29:41.403 [main] DEBUG org.apache.http.impl.conn.BasicClientConnectionManager -- Get connection for route {s}->https://jsonplaceholder.typicode.com:443
20:29:41.403 [main] DEBUG org.apache.http.impl.conn.DefaultClientConnectionOperator -- Connecting to jsonplaceholder.typicode.com:443
20:29:41.455 [main] DEBUG org.apache.http.client.protocol.RequestAddCookies -- CookieSpec selected: ignoreCookies
20:29:41.456 [main] DEBUG org.apache.http.client.protocol.RequestAuthCache -- Auth cache not set in the context
20:29:41.456 [main] DEBUG org.apache.http.client.protocol.RequestTargetAuthentication -- Target auth state: UNCHALLENGED
20:29:41.456 [main] DEBUG org.apache.http.client.protocol.RequestProxyAuthentication -- Proxy auth state: UNCHALLENGED
20:29:41.456 [main] DEBUG org.apache.http.impl.client.DefaultHttpClient -- Attempt 1 to execute request
20:29:41.456 [main] DEBUG org.apache.http.impl.conn.DefaultClientConnection -- Sending request: POST /posts HTTP/1.1
20:29:41.456 [main] DEBUG org.apache.http.wire --  >> "POST /posts HTTP/1.1[\r][\n]"
20:29:41.456 [main] DEBUG org.apache.http.wire --  >> "Accept: */*[\r][\n]"
20:29:41.456 [main] DEBUG org.apache.http.wire --  >> "Content-Type: application/json[\r][\n]"
20:29:41.456 [main] DEBUG org.apache.http.wire --  >> "Content-Length: 62[\r][\n]"
20:29:41.456 [main] DEBUG org.apache.http.wire --  >> "Host: jsonplaceholder.typicode.com[\r][\n]"
20:29:41.456 [main] DEBUG org.apache.http.wire --  >> "Connection: Keep-Alive[\r][\n]"
20:29:41.456 [main] DEBUG org.apache.http.wire --  >> "User-Agent: Apache-HttpClient/4.5.13 (Java/18.0.2.1)[\r][\n]"
20:29:41.456 [main] DEBUG org.apache.http.wire --  >> "Accept-Encoding: gzip,deflate[\r][\n]"
20:29:41.456 [main] DEBUG org.apache.http.wire --  >> "[\r][\n]"
20:29:41.456 [main] DEBUG org.apache.http.headers -- >> POST /posts HTTP/1.1
20:29:41.456 [main] DEBUG org.apache.http.headers -- >> Accept: */*
20:29:41.456 [main] DEBUG org.apache.http.headers -- >> Content-Type: application/json
20:29:41.456 [main] DEBUG org.apache.http.headers -- >> Content-Length: 62
20:29:41.456 [main] DEBUG org.apache.http.headers -- >> Host: jsonplaceholder.typicode.com
20:29:41.456 [main] DEBUG org.apache.http.headers -- >> Connection: Keep-Alive
20:29:41.456 [main] DEBUG org.apache.http.headers -- >> User-Agent: Apache-HttpClient/4.5.13 (Java/18.0.2.1)
20:29:41.456 [main] DEBUG org.apache.http.headers -- >> Accept-Encoding: gzip,deflate
20:29:41.457 [main] DEBUG org.apache.http.wire --  >> "{"title":"DimasRS","body":"Hallo nama saya Dimas","userid":10}"
20:29:42.036 [main] DEBUG org.apache.http.wire --  << "HTTP/1.1 201 Created[\r][\n]"
20:29:42.036 [main] DEBUG org.apache.http.wire --  << "Date: Fri, 09 Jun 2023 13:29:42 GMT[\r][\n]"
20:29:42.036 [main] DEBUG org.apache.http.wire --  << "Content-Type: application/json; charset=utf-8[\r][\n]"
20:29:42.036 [main] DEBUG org.apache.http.wire --  << "Content-Length: 88[\r][\n]"
20:29:42.036 [main] DEBUG org.apache.http.wire --  << "Connection: keep-alive[\r][\n]"
20:29:42.036 [main] DEBUG org.apache.http.wire --  << "X-Powered-By: Express[\r][\n]"
20:29:42.036 [main] DEBUG org.apache.http.wire --  << "X-Ratelimit-Limit: 1000[\r][\n]"
20:29:42.036 [main] DEBUG org.apache.http.wire --  << "X-Ratelimit-Remaining: 999[\r][\n]"
20:29:42.036 [main] DEBUG org.apache.http.wire --  << "X-Ratelimit-Reset: 1686317396[\r][\n]"
20:29:42.036 [main] DEBUG org.apache.http.wire --  << "Vary: Origin, X-HTTP-Method-Override, Accept-Encoding[\r][\n]"
20:29:42.036 [main] DEBUG org.apache.http.wire --  << "Access-Control-Allow-Credentials: true[\r][\n]"
20:29:42.036 [main] DEBUG org.apache.http.wire --  << "Cache-Control: no-cache[\r][\n]"
20:29:42.036 [main] DEBUG org.apache.http.wire --  << "Pragma: no-cache[\r][\n]"
20:29:42.037 [main] DEBUG org.apache.http.wire --  << "Expires: -1[\r][\n]"
20:29:42.037 [main] DEBUG org.apache.http.wire --  << "Access-Control-Expose-Headers: Location[\r][\n]"
20:29:42.037 [main] DEBUG org.apache.http.wire --  << "Location: http://jsonplaceholder.typicode.com/posts/101[\r][\n]"
20:29:42.037 [main] DEBUG org.apache.http.wire --  << "X-Content-Type-Options: nosniff[\r][\n]"
20:29:42.037 [main] DEBUG org.apache.http.wire --  << "Etag: W/"58-WCQS9q21XfNSxnCjNE2KVzEYnJQ"[\r][\n]"
20:29:42.037 [main] DEBUG org.apache.http.wire --  << "Via: 1.1 vegur[\r][\n]"
20:29:42.037 [main] DEBUG org.apache.http.wire --  << "CF-Cache-Status: DYNAMIC[\r][\n]"
20:29:42.037 [main] DEBUG org.apache.http.wire --  << "Report-To: {"endpoints":[{"url":"https:\/\/a.nel.cloudflare.com\/report\/v3?s=kZGxXE6FGzKwOTVA47Vjw1JdgrO%2BdF8qTqpWzT%2FKLeeiX6jqo5G%2BPlG%2FUlQS6S2Cpa6CTvMuy6vSXjDqwMGwlNcUUZThTU6knQhmAAXbzbhqI%2BewFNzJPy8LRI%2FPtMUUkpagv6nLmWVYnRbBdqQ%3D"}],"group":"cf-nel","max_age":604800}[\r][\n]"
20:29:42.037 [main] DEBUG org.apache.http.wire --  << "NEL: {"success_fraction":0,"report_to":"cf-nel","max_age":604800}[\r][\n]"
20:29:42.037 [main] DEBUG org.apache.http.wire --  << "Server: cloudflare[\r][\n]"
20:29:42.037 [main] DEBUG org.apache.http.wire --  << "CF-RAY: 7d49b9960e034697-SIN[\r][\n]"
20:29:42.037 [main] DEBUG org.apache.http.wire --  << "[\r][\n]"
20:29:42.037 [main] DEBUG org.apache.http.impl.conn.DefaultClientConnection -- Receiving response: HTTP/1.1 201 Created
20:29:42.037 [main] DEBUG org.apache.http.headers -- << HTTP/1.1 201 Created
20:29:42.037 [main] DEBUG org.apache.http.headers -- << Date: Fri, 09 Jun 2023 13:29:42 GMT
20:29:42.037 [main] DEBUG org.apache.http.headers -- << Content-Type: application/json; charset=utf-8
20:29:42.037 [main] DEBUG org.apache.http.headers -- << Content-Length: 88
20:29:42.037 [main] DEBUG org.apache.http.headers -- << Connection: keep-alive
20:29:42.037 [main] DEBUG org.apache.http.headers -- << X-Powered-By: Express
20:29:42.037 [main] DEBUG org.apache.http.headers -- << X-Ratelimit-Limit: 1000
20:29:42.037 [main] DEBUG org.apache.http.headers -- << X-Ratelimit-Remaining: 999
20:29:42.037 [main] DEBUG org.apache.http.headers -- << X-Ratelimit-Reset: 1686317396
20:29:42.037 [main] DEBUG org.apache.http.headers -- << Vary: Origin, X-HTTP-Method-Override, Accept-Encoding
20:29:42.037 [main] DEBUG org.apache.http.headers -- << Access-Control-Allow-Credentials: true
20:29:42.037 [main] DEBUG org.apache.http.headers -- << Cache-Control: no-cache
20:29:42.037 [main] DEBUG org.apache.http.headers -- << Pragma: no-cache
20:29:42.037 [main] DEBUG org.apache.http.headers -- << Expires: -1
20:29:42.037 [main] DEBUG org.apache.http.headers -- << Access-Control-Expose-Headers: Location
20:29:42.037 [main] DEBUG org.apache.http.headers -- << Location: http://jsonplaceholder.typicode.com/posts/101
20:29:42.037 [main] DEBUG org.apache.http.headers -- << X-Content-Type-Options: nosniff
20:29:42.037 [main] DEBUG org.apache.http.headers -- << Etag: W/"58-WCQS9q21XfNSxnCjNE2KVzEYnJQ"
20:29:42.037 [main] DEBUG org.apache.http.headers -- << Via: 1.1 vegur
20:29:42.037 [main] DEBUG org.apache.http.headers -- << CF-Cache-Status: DYNAMIC
20:29:42.037 [main] DEBUG org.apache.http.headers -- << Report-To: {"endpoints":[{"url":"https:\/\/a.nel.cloudflare.com\/report\/v3?s=kZGxXE6FGzKwOTVA47Vjw1JdgrO%2BdF8qTqpWzT%2FKLeeiX6jqo5G%2BPlG%2FUlQS6S2Cpa6CTvMuy6vSXjDqwMGwlNcUUZThTU6knQhmAAXbzbhqI%2BewFNzJPy8LRI%2FPtMUUkpagv6nLmWVYnRbBdqQ%3D"}],"group":"cf-nel","max_age":604800}
20:29:42.037 [main] DEBUG org.apache.http.headers -- << NEL: {"success_fraction":0,"report_to":"cf-nel","max_age":604800}
20:29:42.037 [main] DEBUG org.apache.http.headers -- << Server: cloudflare
20:29:42.037 [main] DEBUG org.apache.http.headers -- << CF-RAY: 7d49b9960e034697-SIN
20:29:42.038 [main] DEBUG org.apache.http.impl.client.DefaultHttpClient -- Connection can be kept alive indefinitely
20:29:42.038 [main] DEBUG io.restassured.internal.RestAssuredHttpBuilder -- Parsing response as: application/json; charset=utf-8
20:29:42.038 [main] DEBUG io.restassured.internal.RestAssuredHttpBuilder -- Parsed data to instance of: class org.apache.http.conn.EofSensorInputStream
20:29:42.040 [main] DEBUG org.apache.http.wire --  << "{[\n]"
20:29:42.040 [main] DEBUG org.apache.http.wire --  << "  "title": "DimasRS",[\n]"
20:29:42.040 [main] DEBUG org.apache.http.wire --  << "  "body": "Hallo nama saya Dimas",[\n]"
20:29:42.040 [main] DEBUG org.apache.http.wire --  << "  "userid": 10,[\n]"
20:29:42.040 [main] DEBUG org.apache.http.wire --  << "  "id": 101[\n]"
20:29:42.040 [main] DEBUG org.apache.http.wire --  << "}"
20:29:42.040 [main] DEBUG org.apache.http.impl.conn.BasicClientConnectionManager -- Releasing connection org.apache.http.impl.conn.ManagedClientConnectionImpl@3d50a3d9
20:29:42.040 [main] DEBUG org.apache.http.impl.conn.BasicClientConnectionManager -- Connection can be kept alive indefinitely
20:29:42.041 [main] DEBUG net.thucydides.core.steps.StepInterceptor -- STEP DONE: I send POST HTTP request
  &amp#27;[32mWhen &amp#27;[0m&amp#27;[32mI send POST HTTP request&amp#27;[0m                           &amp#27;[90m# starter.stepfeiniton.UserSteps.sendPostHttpRequest()&amp#27;[0m
20:29:42.044 [main] DEBUG net.thucydides.core.steps.StepInterceptor -- STARTING STEP: UserSteps.receiveValidHttp201 - I receive valid HTTP response code 201
20:29:42.045 [main] DEBUG net.thucydides.core.steps.StepInterceptor -- STEP DONE: I receive valid HTTP response code 201
  &amp#27;[32mThen &amp#27;[0m&amp#27;[32mI receive valid HTTP response code 201&amp#27;[0m             &amp#27;[90m# starter.stepfeiniton.UserSteps.receiveValidHttp201()&amp#27;[0m
20:29:42.049 [main] DEBUG net.thucydides.core.steps.StepInterceptor -- STARTING STEP: UserSteps.validateDataNewUser - I receive valid data for new user
20:29:42.086 [main] DEBUG net.thucydides.core.steps.StepInterceptor -- STEP DONE: I receive valid data for new user
  &amp#27;[32mAnd &amp#27;[0m&amp#27;[32mI receive valid data for new user&amp#27;[0m                   &amp#27;[90m# starter.stepfeiniton.UserSteps.validateDataNewUser()&amp#27;[0m
20:29:42.088 [main] INFO  -- 
  _____   ___   ___   _____     ___     _     ___   ___   ___   ___  
 |_   _| | __| / __| |_   _|   | _ \   /_\   / __| / __| | __| |   \ 
   | |   | _|  \__ \   | |     |  _/  / _ \  \__ \ \__ \ | _|  | |) |
   |_|   |___| |___/   |_|     |_|   /_/ \_\ |___/ |___/ |___| |___/ 

POST As admin I have be able to create new user
----------------------------------------------------------------------
]]></system-out>
  </testcase>
  <testcase name="PUT As admin I have be able to update existing user" classname="User" time="0.676">
    <system-out><![CDATA[
Scenario: PUT As admin I have be able to update existing user &amp#27;[90m# src/test/resources/features/User.feature:18&amp#27;[0m
20:29:42.093 [main] INFO io.cucumber.core.plugin.SerenityReporter -- Running feature from file:///C:/Users/Dimas%20Rizqi%20Suryana/REST_Asured/src/test/resources/features/User.feature
20:29:42.094 [main] INFO  -- 
  _____   ___   ___   _____     ___   _____     _     ___   _____   ___   ___  
 |_   _| | __| / __| |_   _|   / __| |_   _|   /_\   | _ \ |_   _| | __| |   \ 
   | |   | _|  \__ \   | |     \__ \   | |    / _ \  |   /   | |   | _|  | |) |
   |_|   |___| |___/   |_|     |___/   |_|   /_/ \_\ |_|_\   |_|   |___| |___/ 

PUT As admin I have be able to update existing user(user;put-as-admin-i-have-be-able-to-update-existing-user)
--------------------------------------------------------------------------------
20:29:42.104 [main] DEBUG net.thucydides.core.steps.StepInterceptor -- STARTING STEP: UserSteps.setPutApiEndpoints - I set PUT api endpoints
20:29:42.104 [main] DEBUG net.thucydides.core.steps.StepInterceptor -- STEP DONE: I set PUT api endpoints
  &amp#27;[32mGiven &amp#27;[0m&amp#27;[32mI set PUT api endpoints&amp#27;[0m                               &amp#27;[90m# starter.stepfeiniton.UserSteps.setPutApiEndpoints()&amp#27;[0m
20:29:42.107 [main] DEBUG net.thucydides.core.steps.StepInterceptor -- STARTING STEP: UserSteps.sendPutHttpRequest - I send PUT HTTP request
20:29:42.109 [main] DEBUG net.thucydides.core.steps.StepInterceptor -- STARTING STEP: Put.sendPutHttpRequest - I set PUT api endpoints
20:29:42.109 [main] DEBUG net.thucydides.core.steps.StepInterceptor -- STEP DONE: I set PUT api endpoints
20:29:42.123 [main] DEBUG org.apache.http.impl.conn.BasicClientConnectionManager -- Get connection for route {s}->https://jsonplaceholder.typicode.com:443
20:29:42.123 [main] DEBUG org.apache.http.impl.conn.DefaultClientConnectionOperator -- Connecting to jsonplaceholder.typicode.com:443
20:29:42.181 [main] DEBUG org.apache.http.client.protocol.RequestAddCookies -- CookieSpec selected: ignoreCookies
20:29:42.181 [main] DEBUG org.apache.http.client.protocol.RequestAuthCache -- Auth cache not set in the context
20:29:42.181 [main] DEBUG org.apache.http.client.protocol.RequestTargetAuthentication -- Target auth state: UNCHALLENGED
20:29:42.181 [main] DEBUG org.apache.http.client.protocol.RequestProxyAuthentication -- Proxy auth state: UNCHALLENGED
20:29:42.181 [main] DEBUG org.apache.http.impl.client.DefaultHttpClient -- Attempt 1 to execute request
20:29:42.181 [main] DEBUG org.apache.http.impl.conn.DefaultClientConnection -- Sending request: PUT /posts/1 HTTP/1.1
20:29:42.183 [main] DEBUG org.apache.http.wire --  >> "PUT /posts/1 HTTP/1.1[\r][\n]"
20:29:42.183 [main] DEBUG org.apache.http.wire --  >> "Accept: */*[\r][\n]"
20:29:42.183 [main] DEBUG org.apache.http.wire --  >> "Content-Type: application/json[\r][\n]"
20:29:42.183 [main] DEBUG org.apache.http.wire --  >> "Content-Length: 58[\r][\n]"
20:29:42.183 [main] DEBUG org.apache.http.wire --  >> "Host: jsonplaceholder.typicode.com[\r][\n]"
20:29:42.183 [main] DEBUG org.apache.http.wire --  >> "Connection: Keep-Alive[\r][\n]"
20:29:42.183 [main] DEBUG org.apache.http.wire --  >> "User-Agent: Apache-HttpClient/4.5.13 (Java/18.0.2.1)[\r][\n]"
20:29:42.183 [main] DEBUG org.apache.http.wire --  >> "Accept-Encoding: gzip,deflate[\r][\n]"
20:29:42.183 [main] DEBUG org.apache.http.wire --  >> "[\r][\n]"
20:29:42.183 [main] DEBUG org.apache.http.headers -- >> PUT /posts/1 HTTP/1.1
20:29:42.183 [main] DEBUG org.apache.http.headers -- >> Accept: */*
20:29:42.183 [main] DEBUG org.apache.http.headers -- >> Content-Type: application/json
20:29:42.183 [main] DEBUG org.apache.http.headers -- >> Content-Length: 58
20:29:42.183 [main] DEBUG org.apache.http.headers -- >> Host: jsonplaceholder.typicode.com
20:29:42.183 [main] DEBUG org.apache.http.headers -- >> Connection: Keep-Alive
20:29:42.183 [main] DEBUG org.apache.http.headers -- >> User-Agent: Apache-HttpClient/4.5.13 (Java/18.0.2.1)
20:29:42.183 [main] DEBUG org.apache.http.headers -- >> Accept-Encoding: gzip,deflate
20:29:42.183 [main] DEBUG org.apache.http.wire --  >> "{"title":"my name is DimasSopo","body":"Ini sudah diubah"}"
20:29:42.732 [main] DEBUG org.apache.http.wire --  << "HTTP/1.1 200 OK[\r][\n]"
20:29:42.732 [main] DEBUG org.apache.http.wire --  << "Date: Fri, 09 Jun 2023 13:29:43 GMT[\r][\n]"
20:29:42.732 [main] DEBUG org.apache.http.wire --  << "Content-Type: application/json; charset=utf-8[\r][\n]"
20:29:42.732 [main] DEBUG org.apache.http.wire --  << "Transfer-Encoding: chunked[\r][\n]"
20:29:42.732 [main] DEBUG org.apache.http.wire --  << "Connection: keep-alive[\r][\n]"
20:29:42.732 [main] DEBUG org.apache.http.wire --  << "X-Powered-By: Express[\r][\n]"
20:29:42.732 [main] DEBUG org.apache.http.wire --  << "X-Ratelimit-Limit: 1000[\r][\n]"
20:29:42.732 [main] DEBUG org.apache.http.wire --  << "X-Ratelimit-Remaining: 998[\r][\n]"
20:29:42.732 [main] DEBUG org.apache.http.wire --  << "X-Ratelimit-Reset: 1686317396[\r][\n]"
20:29:42.732 [main] DEBUG org.apache.http.wire --  << "Vary: Origin, Accept-Encoding[\r][\n]"
20:29:42.732 [main] DEBUG org.apache.http.wire --  << "Access-Control-Allow-Credentials: true[\r][\n]"
20:29:42.732 [main] DEBUG org.apache.http.wire --  << "Cache-Control: no-cache[\r][\n]"
20:29:42.732 [main] DEBUG org.apache.http.wire --  << "Pragma: no-cache[\r][\n]"
20:29:42.732 [main] DEBUG org.apache.http.wire --  << "Expires: -1[\r][\n]"
20:29:42.732 [main] DEBUG org.apache.http.wire --  << "X-Content-Type-Options: nosniff[\r][\n]"
20:29:42.732 [main] DEBUG org.apache.http.wire --  << "Etag: W/"4e-HWkL9jKCn03lvtwwxi9yBEE0bGI"[\r][\n]"
20:29:42.732 [main] DEBUG org.apache.http.wire --  << "Via: 1.1 vegur[\r][\n]"
20:29:42.732 [main] DEBUG org.apache.http.wire --  << "CF-Cache-Status: DYNAMIC[\r][\n]"
20:29:42.732 [main] DEBUG org.apache.http.wire --  << "Report-To: {"endpoints":[{"url":"https:\/\/a.nel.cloudflare.com\/report\/v3?s=pMt6oq2mx8l7aw1YcyO4wnXh04a2Gp5Ues4qcaixwghDYfBmzDzDOnwPmUMEbyh6iQEWxSFtsfomzchYG92bdWoln9%2FcLmr5OZAeQJvq6bwd%2FaQKPEbgD4XSHlUqS46Prk25uB3H%2FoXUNOY0Rmg%3D"}],"group":"cf-nel","max_age":604800}[\r][\n]"
20:29:42.732 [main] DEBUG org.apache.http.wire --  << "NEL: {"success_fraction":0,"report_to":"cf-nel","max_age":604800}[\r][\n]"
20:29:42.732 [main] DEBUG org.apache.http.wire --  << "Server: cloudflare[\r][\n]"
20:29:42.732 [main] DEBUG org.apache.http.wire --  << "CF-RAY: 7d49b99a88ec898f-SIN[\r][\n]"
20:29:42.732 [main] DEBUG org.apache.http.wire --  << "Content-Encoding: gzip[\r][\n]"
20:29:42.734 [main] DEBUG org.apache.http.wire --  << "[\r][\n]"
20:29:42.734 [main] DEBUG org.apache.http.impl.conn.DefaultClientConnection -- Receiving response: HTTP/1.1 200 OK
20:29:42.734 [main] DEBUG org.apache.http.headers -- << HTTP/1.1 200 OK
20:29:42.734 [main] DEBUG org.apache.http.headers -- << Date: Fri, 09 Jun 2023 13:29:43 GMT
20:29:42.734 [main] DEBUG org.apache.http.headers -- << Content-Type: application/json; charset=utf-8
20:29:42.734 [main] DEBUG org.apache.http.headers -- << Transfer-Encoding: chunked
20:29:42.734 [main] DEBUG org.apache.http.headers -- << Connection: keep-alive
20:29:42.734 [main] DEBUG org.apache.http.headers -- << X-Powered-By: Express
20:29:42.734 [main] DEBUG org.apache.http.headers -- << X-Ratelimit-Limit: 1000
20:29:42.734 [main] DEBUG org.apache.http.headers -- << X-Ratelimit-Remaining: 998
20:29:42.734 [main] DEBUG org.apache.http.headers -- << X-Ratelimit-Reset: 1686317396
20:29:42.734 [main] DEBUG org.apache.http.headers -- << Vary: Origin, Accept-Encoding
20:29:42.734 [main] DEBUG org.apache.http.headers -- << Access-Control-Allow-Credentials: true
20:29:42.734 [main] DEBUG org.apache.http.headers -- << Cache-Control: no-cache
20:29:42.734 [main] DEBUG org.apache.http.headers -- << Pragma: no-cache
20:29:42.734 [main] DEBUG org.apache.http.headers -- << Expires: -1
20:29:42.734 [main] DEBUG org.apache.http.headers -- << X-Content-Type-Options: nosniff
20:29:42.734 [main] DEBUG org.apache.http.headers -- << Etag: W/"4e-HWkL9jKCn03lvtwwxi9yBEE0bGI"
20:29:42.734 [main] DEBUG org.apache.http.headers -- << Via: 1.1 vegur
20:29:42.734 [main] DEBUG org.apache.http.headers -- << CF-Cache-Status: DYNAMIC
20:29:42.734 [main] DEBUG org.apache.http.headers -- << Report-To: {"endpoints":[{"url":"https:\/\/a.nel.cloudflare.com\/report\/v3?s=pMt6oq2mx8l7aw1YcyO4wnXh04a2Gp5Ues4qcaixwghDYfBmzDzDOnwPmUMEbyh6iQEWxSFtsfomzchYG92bdWoln9%2FcLmr5OZAeQJvq6bwd%2FaQKPEbgD4XSHlUqS46Prk25uB3H%2FoXUNOY0Rmg%3D"}],"group":"cf-nel","max_age":604800}
20:29:42.734 [main] DEBUG org.apache.http.headers -- << NEL: {"success_fraction":0,"report_to":"cf-nel","max_age":604800}
20:29:42.734 [main] DEBUG org.apache.http.headers -- << Server: cloudflare
20:29:42.734 [main] DEBUG org.apache.http.headers -- << CF-RAY: 7d49b99a88ec898f-SIN
20:29:42.734 [main] DEBUG org.apache.http.headers -- << Content-Encoding: gzip
20:29:42.735 [main] DEBUG org.apache.http.impl.client.DefaultHttpClient -- Connection can be kept alive indefinitely
20:29:42.735 [main] DEBUG io.restassured.internal.RestAssuredHttpBuilder -- Parsing response as: application/json; charset=utf-8
20:29:42.735 [main] DEBUG org.apache.http.wire --  << "60[\r][\n]"
20:29:42.735 [main] DEBUG org.apache.http.wire --  << "[0x1f][0x8b][0x8][0x0][0x0][0x0][0x0][0x0][0x0][0x3][0xaa][0xe6]RPP*[0xc9],[0xc9]IU[0xb2]RP[0xca][0xad]T[0xc8]K[0xcc]MU[0xc8],Vp[0xc9][0xcc]M,[0xe][0xce]/[0xc8]W[0xd2][0x1])I[0xca]O[0xa9][0x4][0xa9][0xf0][0xcc][0xcb]T(.MI[0xcc]PH[0xc9],MJ[0xcc][0x80][0xc8]f[0xa6](Y)[0x18]r[0xd5][0x2][0x0][0x0][0x0][0xff][0xff][0x3][0x0][0xe5][0xfc][0x1e][0x91]N[0x0][0x0][0x0]"
20:29:42.735 [main] DEBUG org.apache.http.wire --  << "[\r][\n]"
20:29:42.735 [main] DEBUG org.apache.http.wire --  << "0[\r][\n]"
20:29:42.735 [main] DEBUG org.apache.http.wire --  << "[\r][\n]"
20:29:42.735 [main] DEBUG io.restassured.internal.RestAssuredHttpBuilder -- Parsed data to instance of: class org.apache.http.conn.EofSensorInputStream
20:29:42.736 [main] DEBUG org.apache.http.impl.conn.BasicClientConnectionManager -- Releasing connection org.apache.http.impl.conn.ManagedClientConnectionImpl@594c66c3
20:29:42.736 [main] DEBUG org.apache.http.impl.conn.BasicClientConnectionManager -- Connection can be kept alive indefinitely
20:29:42.737 [main] DEBUG net.thucydides.core.steps.StepInterceptor -- STEP DONE: I send PUT HTTP request
  &amp#27;[32mWhen &amp#27;[0m&amp#27;[32mI send PUT HTTP request&amp#27;[0m                                &amp#27;[90m# starter.stepfeiniton.UserSteps.sendPutHttpRequest()&amp#27;[0m
20:29:42.740 [main] DEBUG net.thucydides.core.steps.StepInterceptor -- STARTING STEP: UserSteps.validateUpdateUser - I receive valid data for update user
20:29:42.761 [main] DEBUG net.thucydides.core.steps.StepInterceptor -- STEP DONE: I receive valid data for update user
  &amp#27;[32mAnd &amp#27;[0m&amp#27;[32mI receive valid data for update user&amp#27;[0m                    &amp#27;[90m# starter.stepfeiniton.UserSteps.validateUpdateUser()&amp#27;[0m
20:29:42.763 [main] INFO  -- 
  _____   ___   ___   _____     ___     _     ___   ___   ___   ___  
 |_   _| | __| / __| |_   _|   | _ \   /_\   / __| / __| | __| |   \ 
   | |   | _|  \__ \   | |     |  _/  / _ \  \__ \ \__ \ | _|  | |) |
   |_|   |___| |___/   |_|     |_|   /_/ \_\ |___/ |___/ |___| |___/ 

PUT As admin I have be able to update existing user
----------------------------------------------------------------------
]]></system-out>
  </testcase>
  <testcase name="DELETE As admin I have be able to delete existing user" classname="User" time="1.913">
    <system-out><![CDATA[
Scenario: DELETE As admin I have be able to delete existing user &amp#27;[90m# src/test/resources/features/User.feature:23&amp#27;[0m
20:29:42.771 [main] INFO io.cucumber.core.plugin.SerenityReporter -- Running feature from file:///C:/Users/Dimas%20Rizqi%20Suryana/REST_Asured/src/test/resources/features/User.feature
20:29:42.775 [main] INFO  -- 
  _____   ___   ___   _____     ___   _____     _     ___   _____   ___   ___  
 |_   _| | __| / __| |_   _|   / __| |_   _|   /_\   | _ \ |_   _| | __| |   \ 
   | |   | _|  \__ \   | |     \__ \   | |    / _ \  |   /   | |   | _|  | |) |
   |_|   |___| |___/   |_|     |___/   |_|   /_/ \_\ |_|_\   |_|   |___| |___/ 

DELETE As admin I have be able to delete existing user(user;delete-as-admin-i-have-be-able-to-delete-existing-user)
--------------------------------------------------------------------------------
20:29:42.792 [main] DEBUG net.thucydides.core.steps.StepInterceptor -- STARTING STEP: UserSteps.setDeleteApiEndpoints - I set DELETE api endpoints
20:29:42.792 [main] DEBUG net.thucydides.core.steps.StepInterceptor -- STEP DONE: I set DELETE api endpoints
  &amp#27;[32mGiven &amp#27;[0m&amp#27;[32mI set DELETE api endpoints&amp#27;[0m                               &amp#27;[90m# starter.stepfeiniton.UserSteps.setDeleteApiEndpoints()&amp#27;[0m
20:29:42.798 [main] DEBUG net.thucydides.core.steps.StepInterceptor -- STARTING STEP: UserSteps.sendDeleteApiEndpoints - I send DELETE HTTP request
20:29:42.799 [main] DEBUG net.thucydides.core.steps.StepInterceptor -- STARTING STEP: Delete.sendDeleteHttpRequest - I set DELETE api endpoints
20:29:42.799 [main] DEBUG net.thucydides.core.steps.StepInterceptor -- STEP DONE: I set DELETE api endpoints
20:29:42.816 [main] DEBUG org.apache.http.impl.conn.BasicClientConnectionManager -- Get connection for route {s}->https://jsonplaceholder.typicode.com:443
20:29:42.817 [main] DEBUG org.apache.http.impl.conn.DefaultClientConnectionOperator -- Connecting to jsonplaceholder.typicode.com:443
20:29:43.875 [main] DEBUG org.apache.http.client.protocol.RequestAddCookies -- CookieSpec selected: ignoreCookies
20:29:43.875 [main] DEBUG org.apache.http.client.protocol.RequestAuthCache -- Auth cache not set in the context
20:29:43.875 [main] DEBUG org.apache.http.client.protocol.RequestTargetAuthentication -- Target auth state: UNCHALLENGED
20:29:43.875 [main] DEBUG org.apache.http.client.protocol.RequestProxyAuthentication -- Proxy auth state: UNCHALLENGED
20:29:43.875 [main] DEBUG org.apache.http.impl.client.DefaultHttpClient -- Attempt 1 to execute request
20:29:43.875 [main] DEBUG org.apache.http.impl.conn.DefaultClientConnection -- Sending request: DELETE /posts/1 HTTP/1.1
20:29:43.875 [main] DEBUG org.apache.http.wire --  >> "DELETE /posts/1 HTTP/1.1[\r][\n]"
20:29:43.875 [main] DEBUG org.apache.http.wire --  >> "Accept: */*[\r][\n]"
20:29:43.875 [main] DEBUG org.apache.http.wire --  >> "Host: jsonplaceholder.typicode.com[\r][\n]"
20:29:43.875 [main] DEBUG org.apache.http.wire --  >> "Connection: Keep-Alive[\r][\n]"
20:29:43.875 [main] DEBUG org.apache.http.wire --  >> "User-Agent: Apache-HttpClient/4.5.13 (Java/18.0.2.1)[\r][\n]"
20:29:43.875 [main] DEBUG org.apache.http.wire --  >> "Accept-Encoding: gzip,deflate[\r][\n]"
20:29:43.875 [main] DEBUG org.apache.http.wire --  >> "[\r][\n]"
20:29:43.875 [main] DEBUG org.apache.http.headers -- >> DELETE /posts/1 HTTP/1.1
20:29:43.875 [main] DEBUG org.apache.http.headers -- >> Accept: */*
20:29:43.875 [main] DEBUG org.apache.http.headers -- >> Host: jsonplaceholder.typicode.com
20:29:43.875 [main] DEBUG org.apache.http.headers -- >> Connection: Keep-Alive
20:29:43.875 [main] DEBUG org.apache.http.headers -- >> User-Agent: Apache-HttpClient/4.5.13 (Java/18.0.2.1)
20:29:43.875 [main] DEBUG org.apache.http.headers -- >> Accept-Encoding: gzip,deflate
20:29:44.657 [main] DEBUG org.apache.http.wire --  << "HTTP/1.1 200 OK[\r][\n]"
20:29:44.658 [main] DEBUG org.apache.http.wire --  << "Date: Fri, 09 Jun 2023 13:29:45 GMT[\r][\n]"
20:29:44.658 [main] DEBUG org.apache.http.wire --  << "Content-Type: application/json; charset=utf-8[\r][\n]"
20:29:44.658 [main] DEBUG org.apache.http.wire --  << "Content-Length: 2[\r][\n]"
20:29:44.658 [main] DEBUG org.apache.http.wire --  << "Connection: keep-alive[\r][\n]"
20:29:44.658 [main] DEBUG org.apache.http.wire --  << "X-Powered-By: Express[\r][\n]"
20:29:44.658 [main] DEBUG org.apache.http.wire --  << "X-Ratelimit-Limit: 1000[\r][\n]"
20:29:44.658 [main] DEBUG org.apache.http.wire --  << "X-Ratelimit-Remaining: 997[\r][\n]"
20:29:44.658 [main] DEBUG org.apache.http.wire --  << "X-Ratelimit-Reset: 1686317396[\r][\n]"
20:29:44.658 [main] DEBUG org.apache.http.wire --  << "Vary: Origin, Accept-Encoding[\r][\n]"
20:29:44.658 [main] DEBUG org.apache.http.wire --  << "Access-Control-Allow-Credentials: true[\r][\n]"
20:29:44.658 [main] DEBUG org.apache.http.wire --  << "Cache-Control: no-cache[\r][\n]"
20:29:44.658 [main] DEBUG org.apache.http.wire --  << "Pragma: no-cache[\r][\n]"
20:29:44.658 [main] DEBUG org.apache.http.wire --  << "Expires: -1[\r][\n]"
20:29:44.658 [main] DEBUG org.apache.http.wire --  << "X-Content-Type-Options: nosniff[\r][\n]"
20:29:44.658 [main] DEBUG org.apache.http.wire --  << "Etag: W/"2-vyGp6PvFo4RvsFtPoIWeCReyIC8"[\r][\n]"
20:29:44.658 [main] DEBUG org.apache.http.wire --  << "Via: 1.1 vegur[\r][\n]"
20:29:44.658 [main] DEBUG org.apache.http.wire --  << "CF-Cache-Status: DYNAMIC[\r][\n]"
20:29:44.658 [main] DEBUG org.apache.http.wire --  << "Report-To: {"endpoints":[{"url":"https:\/\/a.nel.cloudflare.com\/report\/v3?s=RBo59w%2FdVB6PgIEi4aJiQExPoSAd8cNjAiFJr5dTdwGt5VKYIy4jcTsoJwKZ6FjNwu5W98NkZUIDT%2FWWYeFJxgV9ufolz1n%2FMCIWYCnFVLqsUjGrHVnKOcWHuqP9wrh9l%2Fa83Z5H47xw5gSok4o%3D"}],"group":"cf-nel","max_age":604800}[\r][\n]"
20:29:44.659 [main] DEBUG org.apache.http.wire --  << "NEL: {"success_fraction":0,"report_to":"cf-nel","max_age":604800}[\r][\n]"
20:29:44.659 [main] DEBUG org.apache.http.wire --  << "Server: cloudflare[\r][\n]"
20:29:44.659 [main] DEBUG org.apache.http.wire --  << "CF-RAY: 7d49b9a52ff23dea-SIN[\r][\n]"
20:29:44.659 [main] DEBUG org.apache.http.wire --  << "[\r][\n]"
20:29:44.659 [main] DEBUG org.apache.http.impl.conn.DefaultClientConnection -- Receiving response: HTTP/1.1 200 OK
20:29:44.659 [main] DEBUG org.apache.http.headers -- << HTTP/1.1 200 OK
20:29:44.659 [main] DEBUG org.apache.http.headers -- << Date: Fri, 09 Jun 2023 13:29:45 GMT
20:29:44.659 [main] DEBUG org.apache.http.headers -- << Content-Type: application/json; charset=utf-8
20:29:44.659 [main] DEBUG org.apache.http.headers -- << Content-Length: 2
20:29:44.659 [main] DEBUG org.apache.http.headers -- << Connection: keep-alive
20:29:44.659 [main] DEBUG org.apache.http.headers -- << X-Powered-By: Express
20:29:44.659 [main] DEBUG org.apache.http.headers -- << X-Ratelimit-Limit: 1000
20:29:44.659 [main] DEBUG org.apache.http.headers -- << X-Ratelimit-Remaining: 997
20:29:44.659 [main] DEBUG org.apache.http.headers -- << X-Ratelimit-Reset: 1686317396
20:29:44.659 [main] DEBUG org.apache.http.headers -- << Vary: Origin, Accept-Encoding
20:29:44.659 [main] DEBUG org.apache.http.headers -- << Access-Control-Allow-Credentials: true
20:29:44.659 [main] DEBUG org.apache.http.headers -- << Cache-Control: no-cache
20:29:44.659 [main] DEBUG org.apache.http.headers -- << Pragma: no-cache
20:29:44.659 [main] DEBUG org.apache.http.headers -- << Expires: -1
20:29:44.659 [main] DEBUG org.apache.http.headers -- << X-Content-Type-Options: nosniff
20:29:44.659 [main] DEBUG org.apache.http.headers -- << Etag: W/"2-vyGp6PvFo4RvsFtPoIWeCReyIC8"
20:29:44.659 [main] DEBUG org.apache.http.headers -- << Via: 1.1 vegur
20:29:44.659 [main] DEBUG org.apache.http.headers -- << CF-Cache-Status: DYNAMIC
20:29:44.659 [main] DEBUG org.apache.http.headers -- << Report-To: {"endpoints":[{"url":"https:\/\/a.nel.cloudflare.com\/report\/v3?s=RBo59w%2FdVB6PgIEi4aJiQExPoSAd8cNjAiFJr5dTdwGt5VKYIy4jcTsoJwKZ6FjNwu5W98NkZUIDT%2FWWYeFJxgV9ufolz1n%2FMCIWYCnFVLqsUjGrHVnKOcWHuqP9wrh9l%2Fa83Z5H47xw5gSok4o%3D"}],"group":"cf-nel","max_age":604800}
20:29:44.659 [main] DEBUG org.apache.http.headers -- << NEL: {"success_fraction":0,"report_to":"cf-nel","max_age":604800}
20:29:44.659 [main] DEBUG org.apache.http.headers -- << Server: cloudflare
20:29:44.659 [main] DEBUG org.apache.http.headers -- << CF-RAY: 7d49b9a52ff23dea-SIN
20:29:44.660 [main] DEBUG org.apache.http.impl.client.DefaultHttpClient -- Connection can be kept alive indefinitely
20:29:44.660 [main] DEBUG io.restassured.internal.RestAssuredHttpBuilder -- Parsing response as: application/json; charset=utf-8
20:29:44.660 [main] DEBUG io.restassured.internal.RestAssuredHttpBuilder -- Parsed data to instance of: class org.apache.http.conn.EofSensorInputStream
20:29:44.662 [main] DEBUG org.apache.http.wire --  << "{}"
20:29:44.664 [main] DEBUG org.apache.http.impl.conn.BasicClientConnectionManager -- Releasing connection org.apache.http.impl.conn.ManagedClientConnectionImpl@3980b44f
20:29:44.664 [main] DEBUG org.apache.http.impl.conn.BasicClientConnectionManager -- Connection can be kept alive indefinitely
20:29:44.665 [main] DEBUG net.thucydides.core.steps.StepInterceptor -- STEP DONE: I send DELETE HTTP request
  &amp#27;[32mWhen &amp#27;[0m&amp#27;[32mI send DELETE HTTP request&amp#27;[0m                                &amp#27;[90m# starter.stepfeiniton.UserSteps.sendDeleteApiEndpoints()&amp#27;[0m
20:29:44.671 [main] DEBUG net.thucydides.core.steps.StepInterceptor -- STARTING STEP: UserSteps.validateHttpResponseCode204 - I receive valid HTTP response code 204
20:29:44.673 [main] DEBUG net.thucydides.core.steps.StepInterceptor -- STEP DONE: I receive valid HTTP response code 204
  &amp#27;[32mThen &amp#27;[0m&amp#27;[32mI receive valid HTTP response code 204&amp#27;[0m                    &amp#27;[90m# starter.stepfeiniton.UserSteps.validateHttpResponseCode204()&amp#27;[0m
20:29:44.678 [main] INFO  -- 
  _____   ___   ___   _____     ___     _     ___   ___   ___   ___  
 |_   _| | __| / __| |_   _|   | _ \   /_\   / __| / __| | __| |   \ 
   | |   | _|  \__ \   | |     |  _/  / _ \  \__ \ \__ \ | _|  | |) |
   |_|   |___| |___/   |_|     |_|   /_/ \_\ |___/ |___/ |___| |___/ 

DELETE As admin I have be able to delete existing user
----------------------------------------------------------------------
]]></system-out>
  </testcase>
</testsuite>